<?xml version="1.0" encoding="UTF-8"?>
<!-- Generated by org.testng.reporters.JUnitReportReporter -->
<testsuite hostname="Siva" failures="0" tests="1" name="com.testng.features.Parameterized_test" time="0.015" errors="0" timestamp="2021-11-24T13:38:34 IST" skipped="0">
  <testcase classname="com.testng.features.Parameterized_test" name="credentials" time="0.015"/>
  <system-out/>
</testsuite> <!-- com.testng.features.Parameterized_test -->
