<?xml version="1.0" encoding="UTF-8"?>
<!-- Generated by org.testng.reporters.JUnitReportReporter -->
<testsuite hostname="Siva" failures="0" tests="1" name="com.testng.features.Timeout_features" time="7.055" errors="0" timestamp="2021-11-22T19:05:55 IST" skipped="0">
  <testcase classname="com.testng.features.Timeout_features" name="login" time="7.055"/>
  <system-out/>
</testsuite> <!-- com.testng.features.Timeout_features -->
