<?xml version="1.0" encoding="UTF-8"?>
<!-- Generated by org.testng.reporters.JUnitReportReporter -->
<testsuite hostname="Siva" failures="0" tests="26" name="com.adactionHotelApp.AdactinHotelApp_Testng" time="52.504" errors="0" timestamp="2021-11-29T18:55:01 IST" skipped="0">
  <testcase classname="com.adactionHotelApp.AdactinHotelApp_Testng" name="url" time="21.262"/>
  <system-out/>
  <testcase classname="com.adactionHotelApp.AdactinHotelApp_Testng" name="login" time="9.636"/>
  <system-out/>
  <testcase classname="com.adactionHotelApp.AdactinHotelApp_Testng" name="location" time="0.434"/>
  <system-out/>
  <testcase classname="com.adactionHotelApp.AdactinHotelApp_Testng" name="Hotelname" time="0.190"/>
  <system-out/>
  <testcase classname="com.adactionHotelApp.AdactinHotelApp_Testng" name="roomType" time="0.185"/>
  <system-out/>
  <testcase classname="com.adactionHotelApp.AdactinHotelApp_Testng" name="noOfRooms" time="0.243"/>
  <system-out/>
  <testcase classname="com.adactionHotelApp.AdactinHotelApp_Testng" name="checkIn" time="1.923"/>
  <system-out/>
  <testcase classname="com.adactionHotelApp.AdactinHotelApp_Testng" name="checkOUT" time="0.476"/>
  <system-out/>
  <testcase classname="com.adactionHotelApp.AdactinHotelApp_Testng" name="adult" time="0.231"/>
  <system-out/>
  <testcase classname="com.adactionHotelApp.AdactinHotelApp_Testng" name="children" time="0.216"/>
  <system-out/>
  <testcase classname="com.adactionHotelApp.AdactinHotelApp_Testng" name="submit" time="5.154"/>
  <system-out/>
  <testcase classname="com.adactionHotelApp.AdactinHotelApp_Testng" name="firstName" time="0.769"/>
  <system-out/>
  <testcase classname="com.adactionHotelApp.AdactinHotelApp_Testng" name="lastName" time="0.120"/>
  <system-out/>
  <testcase classname="com.adactionHotelApp.AdactinHotelApp_Testng" name="address" time="0.214"/>
  <system-out/>
  <testcase classname="com.adactionHotelApp.AdactinHotelApp_Testng" name="card" time="0.257"/>
  <system-out/>
  <testcase classname="com.adactionHotelApp.AdactinHotelApp_Testng" name="cardType" time="0.240"/>
  <system-out/>
  <testcase classname="com.adactionHotelApp.AdactinHotelApp_Testng" name="expiryMonth" time="0.303"/>
  <system-out/>
  <testcase classname="com.adactionHotelApp.AdactinHotelApp_Testng" name="expiryYear" time="0.204"/>
  <system-out/>
  <testcase classname="com.adactionHotelApp.AdactinHotelApp_Testng" name="cvv" time="0.127"/>
  <system-out/>
  <testcase classname="com.adactionHotelApp.AdactinHotelApp_Testng" name="booking" time="0.144"/>
  <system-out/>
  <testcase classname="com.adactionHotelApp.AdactinHotelApp_Testng" name="screenShot" time="0.845"/>
  <system-out/>
  <testcase classname="com.adactionHotelApp.AdactinHotelApp_Testng" name="Myitinerary" time="6.588"/>
  <system-out/>
  <testcase classname="com.adactionHotelApp.AdactinHotelApp_Testng" name="orderid" time="0.094"/>
  <system-out/>
  <testcase classname="com.adactionHotelApp.AdactinHotelApp_Testng" name="cancel" time="0.299"/>
  <system-out/>
  <testcase classname="com.adactionHotelApp.AdactinHotelApp_Testng" name="alert" time="0.024"/>
  <system-out/>
  <testcase classname="com.adactionHotelApp.AdactinHotelApp_Testng" name="logoutAndClose" time="2.326"/>
  <system-out/>
</testsuite> <!-- com.adactionHotelApp.AdactinHotelApp_Testng -->
