<?xml version="1.0" encoding="UTF-8"?>
<!-- Generated by org.testng.reporters.JUnitReportReporter -->
<testsuite hostname="Siva" failures="0" tests="1" name="com.testng.features.Expected_Exeption" time="0.029" errors="0" timestamp="2021-11-22T23:17:34 IST" skipped="0">
  <testcase classname="com.testng.features.Expected_Exeption" name="Demo" time="0.029"/>
  <system-out/>
</testsuite> <!-- com.testng.features.Expected_Exeption -->
