<?xml version="1.0" encoding="UTF-8"?>
<!-- Generated by org.testng.reporters.JUnitReportReporter -->
<testsuite hostname="Siva" failures="0" tests="2" name="com.testng.features.Groups" time="0.017" errors="0" timestamp="2021-11-23T16:24:24 IST" skipped="0">
  <testcase classname="com.testng.features.Groups" name="spotify" time="0.015"/>
  <system-out/>
  <testcase classname="com.testng.features.Groups" name="wynk" time="0.002"/>
  <system-out/>
</testsuite> <!-- com.testng.features.Groups -->
