<?xml version="1.0" encoding="UTF-8"?>
<!-- Generated by org.testng.reporters.JUnitReportReporter -->
<testsuite hostname="Siva" failures="0" tests="2" name="com.testng.features.Ignore_Concept" time="0.015" errors="0" timestamp="2021-11-21T20:12:42 IST" skipped="1">
  <testcase classname="com.testng.features.Ignore_Concept" name="books" time="0.015"/>
  <system-out/>
  <testcase classname="com.testng.features.Ignore_Concept" name="children">
    <skipped/>
  </testcase> <!-- children -->
  <system-out/>
</testsuite> <!-- com.testng.features.Ignore_Concept -->
