<?xml version="1.0" encoding="UTF-8"?>
<!-- Generated by org.testng.reporters.JUnitReportReporter -->
<testsuite hostname="Siva" failures="0" tests="1" name="com.api.Response_code_validation" time="2.996" errors="0" timestamp="2021-12-03T14:36:25 IST" skipped="0">
  <testcase classname="com.api.Response_code_validation" name="data_validation" time="2.996"/>
  <system-out/>
</testsuite> <!-- com.api.Response_code_validation -->
