<?xml version="1.0" encoding="UTF-8"?>
<!-- Generated by org.testng.reporters.JUnitReportReporter -->
<testsuite hostname="Siva" failures="0" tests="4" name="com.testng.features.Data_provider" time="0.010" errors="0" timestamp="2021-11-25T19:22:55 IST" skipped="0">
  <testcase classname="com.testng.features.Data_provider" name="credentials" time="0.007"/>
  <system-out/>
  <testcase classname="com.testng.features.Data_provider" name="credentials" time="0.001"/>
  <system-out/>
  <testcase classname="com.testng.features.Data_provider" name="credentials" time="0.001"/>
  <system-out/>
  <testcase classname="com.testng.features.Data_provider" name="credentials" time="0.001"/>
  <system-out/>
</testsuite> <!-- com.testng.features.Data_provider -->
