<?xml version="1.0" encoding="UTF-8"?>
<!-- Generated by org.testng.reporters.JUnitReportReporter -->
<testsuite ignored="0" hostname="Siva" failures="0" tests="3" name="com.testng.features.Simple_Annotations" time="0.016" errors="0" timestamp="21 Nov 2021 10:32:52 GMT" skipped="0">
  <testcase classname="com.testng.features.Simple_Annotations" name="dress" time="0.010"/>
  <testcase classname="com.testng.features.Simple_Annotations" name="women" time="0.002"/>
  <testcase classname="com.testng.features.Simple_Annotations" name="tshirt" time="0.004"/>
</testsuite> <!-- com.testng.features.Simple_Annotations -->
