<?xml version="1.0" encoding="UTF-8"?>
<!-- Generated by org.testng.reporters.JUnitReportReporter -->
<testsuite hostname="Siva" failures="0" tests="10" name="com.testng.automationPractice.TestNg_Automation" time="50.996" errors="0" timestamp="2021-11-29T19:05:10 IST" skipped="0">
  <testcase classname="com.testng.automationPractice.TestNg_Automation" name="log4j" time="0.066"/>
  <system-out/>
  <testcase classname="com.testng.automationPractice.TestNg_Automation" name="url" time="14.734"/>
  <system-out/>
  <testcase classname="com.testng.automationPractice.TestNg_Automation" name="login_page" time="3.594"/>
  <system-out/>
  <testcase classname="com.testng.automationPractice.TestNg_Automation" name="tshirtPage" time="8.530"/>
  <system-out/>
  <testcase classname="com.testng.automationPractice.TestNg_Automation" name="moreAboutDressPage" time="0.281"/>
  <system-out/>
  <testcase classname="com.testng.automationPractice.TestNg_Automation" name="proceedToCheckOut1" time="6.757"/>
  <system-out/>
  <testcase classname="com.testng.automationPractice.TestNg_Automation" name="summary_page" time="2.753"/>
  <system-out/>
  <testcase classname="com.testng.automationPractice.TestNg_Automation" name="addressPage" time="3.537"/>
  <system-out/>
  <testcase classname="com.testng.automationPractice.TestNg_Automation" name="shipping_page" time="5.305"/>
  <system-out/>
  <testcase classname="com.testng.automationPractice.TestNg_Automation" name="confirm_order_page" time="5.439"/>
  <system-out/>
</testsuite> <!-- com.testng.automationPractice.TestNg_Automation -->
